This is pdfTeX, Version 3.14159265-2.6-1.40.20 (MiKTeX 2.9.7250 64-bit) (preloaded format=pdflatex 2019.12.5)  7 MAR 2023 09:51
entering extended mode
**./lecture3b.tex
(lecture3b.tex
LaTeX2e <2019-10-01> patch level 3

("C:\Users\gkonstan\AppData\Local\Programs\MiKTeX 2.9\tex/latex/beamer\beamer.c
ls"
Document Class: beamer 2019/09/29 v3.57 A class for typesetting presentations

("C:\Users\gkonstan\AppData\Local\Programs\MiKTeX 2.9\tex/latex/beamer\beamerba
semodes.sty"
("C:\Users\gkonstan\AppData\Local\Programs\MiKTeX 2.9\tex/latex/etoolbox\etoolb
ox.sty"
Package: etoolbox 2019/09/21 v2.5h e-TeX tools for LaTeX (JAW)
\etb@tempcnta=\count80
)
\beamer@tempbox=\box27
\beamer@tempcount=\count81
\c@beamerpauses=\count82

("C:\Users\gkonstan\AppData\Local\Programs\MiKTeX 2.9\tex/latex/beamer\beamerba
sedecode.sty"
\beamer@slideinframe=\count83
\beamer@minimum=\count84
\beamer@decode@box=\box28
)
\beamer@commentbox=\box29
\beamer@modecount=\count85
)
("C:\Users\gkonstan\AppData\Local\Programs\MiKTeX 2.9\tex/generic/iftex\ifpdf.s
ty"
Package: ifpdf 2019/10/25 v3.4 ifpdf legacy package. Use iftex instead.

("C:\Users\gkonstan\AppData\Local\Programs\MiKTeX 2.9\tex/generic/iftex\iftex.s
ty"
Package: iftex 2019/11/07 v1.0c TeX engine tests
))
\headdp=\dimen102
\footheight=\dimen103
\sidebarheight=\dimen104
\beamer@tempdim=\dimen105
\beamer@finalheight=\dimen106
\beamer@animht=\dimen107
\beamer@animdp=\dimen108
\beamer@animwd=\dimen109
\beamer@leftmargin=\dimen110
\beamer@rightmargin=\dimen111
\beamer@leftsidebar=\dimen112
\beamer@rightsidebar=\dimen113
\beamer@boxsize=\dimen114
\beamer@vboxoffset=\dimen115
\beamer@descdefault=\dimen116
\beamer@descriptionwidth=\dimen117
\beamer@lastskip=\skip41
\beamer@areabox=\box30
\beamer@animcurrent=\box31
\beamer@animshowbox=\box32
\beamer@sectionbox=\box33
\beamer@logobox=\box34
\beamer@linebox=\box35
\beamer@sectioncount=\count86
\beamer@subsubsectionmax=\count87
\beamer@subsectionmax=\count88
\beamer@sectionmax=\count89
\beamer@totalheads=\count90
\beamer@headcounter=\count91
\beamer@partstartpage=\count92
\beamer@sectionstartpage=\count93
\beamer@subsectionstartpage=\count94
\beamer@animationtempa=\count95
\beamer@animationtempb=\count96
\beamer@xpos=\count97
\beamer@ypos=\count98
\beamer@ypos@offset=\count99
\beamer@showpartnumber=\count100
\beamer@currentsubsection=\count101
\beamer@coveringdepth=\count102
\beamer@sectionadjust=\count103
\beamer@tocsectionnumber=\count104

("C:\Users\gkonstan\AppData\Local\Programs\MiKTeX 2.9\tex/latex/beamer\beamerba
seoptions.sty"
("C:\Users\gkonstan\AppData\Local\Programs\MiKTeX 2.9\tex/latex/graphics\keyval
.sty"
Package: keyval 2014/10/28 v1.15 key=value parser (DPC)
\KV@toks@=\toks14
))
\beamer@paperwidth=\skip42
\beamer@paperheight=\skip43
 ("C:\Program Files\MiKTeX 2.9\tex/latex/geometry\geometry.sty"
Package: geometry 2018/04/16 v5.8 Page Geometry

("C:\Users\gkonstan\AppData\Local\Programs\MiKTeX 2.9\tex/generic/iftex\ifvtex.
sty"
Package: ifvtex 2019/10/25 v1.7 ifvtex legacy package. Use iftex instead.
)
("C:\Users\gkonstan\AppData\Local\Programs\MiKTeX 2.9\tex/generic/iftex\ifxetex
.sty"
Package: ifxetex 2019/10/25 v0.7 ifxetex legacy package. Use iftex instead.
)
\Gm@cnth=\count105
\Gm@cntv=\count106
\c@Gm@tempcnt=\count107
\Gm@bindingoffset=\dimen118
\Gm@wd@mp=\dimen119
\Gm@odd@mp=\dimen120
\Gm@even@mp=\dimen121
\Gm@layoutwidth=\dimen122
\Gm@layoutheight=\dimen123
\Gm@layouthoffset=\dimen124
\Gm@layoutvoffset=\dimen125
\Gm@dimlist=\toks15
 ("C:\Program Files\MiKTeX 2.9\tex/latex/geometry\geometry.cfg"))
("C:\Users\gkonstan\AppData\Local\Programs\MiKTeX 2.9\tex/latex/base\size11.clo
"
File: size11.clo 2019/10/25 v1.4k Standard LaTeX file (size option)
) ("C:\Program Files\MiKTeX 2.9\tex/latex/pgf/basiclayer\pgfcore.sty"
("C:\Users\gkonstan\AppData\Local\Programs\MiKTeX 2.9\tex/latex/graphics\graphi
cx.sty"
Package: graphicx 2017/06/01 v1.1a Enhanced LaTeX Graphics (DPC,SPQR)

("C:\Users\gkonstan\AppData\Local\Programs\MiKTeX 2.9\tex/latex/graphics\graphi
cs.sty"
Package: graphics 2019/11/01 v1.3d Standard LaTeX Graphics (DPC,SPQR)

("C:\Users\gkonstan\AppData\Local\Programs\MiKTeX 2.9\tex/latex/graphics\trig.s
ty"
Package: trig 2016/01/03 v1.10 sin cos tan (DPC)
)
("C:\Users\gkonstan\AppData\Local\Programs\MiKTeX 2.9\tex/latex/graphics-cfg\gr
aphics.cfg"
File: graphics.cfg 2016/06/04 v1.11 sample graphics configuration
)
Package graphics Info: Driver file: pdftex.def on input line 105.

("C:\Users\gkonstan\AppData\Local\Programs\MiKTeX 2.9\tex/latex/graphics-def\pd
ftex.def"
File: pdftex.def 2018/01/08 v1.0l Graphics/color driver for pdftex
))
\Gin@req@height=\dimen126
\Gin@req@width=\dimen127
) ("C:\Program Files\MiKTeX 2.9\tex/latex/pgf/systemlayer\pgfsys.sty" ("C:\Prog
ram Files\MiKTeX 2.9\tex/latex/pgf/utilities\pgfrcs.sty"
("C:\Program Files\MiKTeX 2.9\tex/generic/pgf/utilities\pgfutil-common.tex"
\pgfutil@everybye=\toks16
\pgfutil@tempdima=\dimen128
\pgfutil@tempdimb=\dimen129

("C:\Program Files\MiKTeX 2.9\tex/generic/pgf/utilities\pgfutil-common-lists.te
x")) ("C:\Program Files\MiKTeX 2.9\tex/generic/pgf/utilities\pgfutil-latex.def"
\pgfutil@abb=\box36
("C:\Users\gkonstan\AppData\Local\Programs\MiKTeX 2.9\tex/latex/ms\everyshi.sty
"
Package: everyshi 2001/05/15 v3.00 EveryShipout Package (MS)
)) ("C:\Program Files\MiKTeX 2.9\tex/generic/pgf/utilities\pgfrcs.code.tex"
("C:\Program Files\MiKTeX 2.9\tex/generic/pgf\pgf.revision.tex")
Package: pgfrcs 2019/08/03 v3.1.4b (3.1.4b)
))
("C:\Program Files\MiKTeX 2.9\tex/generic/pgf/systemlayer\pgfsys.code.tex"
Package: pgfsys 2019/08/03 v3.1.4b (3.1.4b)

("C:\Program Files\MiKTeX 2.9\tex/generic/pgf/utilities\pgfkeys.code.tex"
\pgfkeys@pathtoks=\toks17
\pgfkeys@temptoks=\toks18

("C:\Program Files\MiKTeX 2.9\tex/generic/pgf/utilities\pgfkeysfiltered.code.te
x"
\pgfkeys@tmptoks=\toks19
))
\pgf@x=\dimen130
\pgf@y=\dimen131
\pgf@xa=\dimen132
\pgf@ya=\dimen133
\pgf@xb=\dimen134
\pgf@yb=\dimen135
\pgf@xc=\dimen136
\pgf@yc=\dimen137
\pgf@xd=\dimen138
\pgf@yd=\dimen139
\w@pgf@writea=\write3
\r@pgf@reada=\read1
\c@pgf@counta=\count108
\c@pgf@countb=\count109
\c@pgf@countc=\count110
\c@pgf@countd=\count111
\t@pgf@toka=\toks20
\t@pgf@tokb=\toks21
\t@pgf@tokc=\toks22
\pgf@sys@id@count=\count112
 ("C:\Program Files\MiKTeX 2.9\tex/generic/pgf/systemlayer\pgf.cfg"
File: pgf.cfg 2019/08/03 v3.1.4b (3.1.4b)
)
Driver file for pgf: pgfsys-pdftex.def

("C:\Program Files\MiKTeX 2.9\tex/generic/pgf/systemlayer\pgfsys-pdftex.def"
File: pgfsys-pdftex.def 2019/08/03 v3.1.4b (3.1.4b)

("C:\Program Files\MiKTeX 2.9\tex/generic/pgf/systemlayer\pgfsys-common-pdf.def
"
File: pgfsys-common-pdf.def 2019/08/03 v3.1.4b (3.1.4b)
)))
("C:\Program Files\MiKTeX 2.9\tex/generic/pgf/systemlayer\pgfsyssoftpath.code.t
ex"
File: pgfsyssoftpath.code.tex 2019/08/03 v3.1.4b (3.1.4b)
\pgfsyssoftpath@smallbuffer@items=\count113
\pgfsyssoftpath@bigbuffer@items=\count114
)
("C:\Program Files\MiKTeX 2.9\tex/generic/pgf/systemlayer\pgfsysprotocol.code.t
ex"
File: pgfsysprotocol.code.tex 2019/08/03 v3.1.4b (3.1.4b)
))
("C:\Users\gkonstan\AppData\Local\Programs\MiKTeX 2.9\tex/latex/xcolor\xcolor.s
ty"
Package: xcolor 2016/05/11 v2.12 LaTeX color extensions (UK)

("C:\Users\gkonstan\AppData\Local\Programs\MiKTeX 2.9\tex/latex/graphics-cfg\co
lor.cfg"
File: color.cfg 2016/01/02 v1.6 sample color configuration
)
Package xcolor Info: Driver file: pdftex.def on input line 225.
Package xcolor Info: Model `cmy' substituted by `cmy0' on input line 1348.
Package xcolor Info: Model `hsb' substituted by `rgb' on input line 1352.
Package xcolor Info: Model `RGB' extended on input line 1364.
Package xcolor Info: Model `HTML' substituted by `rgb' on input line 1366.
Package xcolor Info: Model `Hsb' substituted by `hsb' on input line 1367.
Package xcolor Info: Model `tHsb' substituted by `hsb' on input line 1368.
Package xcolor Info: Model `HSB' substituted by `hsb' on input line 1369.
Package xcolor Info: Model `Gray' substituted by `gray' on input line 1370.
Package xcolor Info: Model `wave' substituted by `hsb' on input line 1371.
)
("C:\Program Files\MiKTeX 2.9\tex/generic/pgf/basiclayer\pgfcore.code.tex"
Package: pgfcore 2019/08/03 v3.1.4b (3.1.4b)

("C:\Program Files\MiKTeX 2.9\tex/generic/pgf/math\pgfmath.code.tex"
("C:\Program Files\MiKTeX 2.9\tex/generic/pgf/math\pgfmathcalc.code.tex"
("C:\Program Files\MiKTeX 2.9\tex/generic/pgf/math\pgfmathutil.code.tex")
("C:\Program Files\MiKTeX 2.9\tex/generic/pgf/math\pgfmathparser.code.tex"
\pgfmath@dimen=\dimen140
\pgfmath@count=\count115
\pgfmath@box=\box37
\pgfmath@toks=\toks23
\pgfmath@stack@operand=\toks24
\pgfmath@stack@operation=\toks25
)
("C:\Program Files\MiKTeX 2.9\tex/generic/pgf/math\pgfmathfunctions.code.tex"
("C:\Program Files\MiKTeX 2.9\tex/generic/pgf/math\pgfmathfunctions.basic.code.
tex")
("C:\Program Files\MiKTeX 2.9\tex/generic/pgf/math\pgfmathfunctions.trigonometr
ic.code.tex")
("C:\Program Files\MiKTeX 2.9\tex/generic/pgf/math\pgfmathfunctions.random.code
.tex")
("C:\Program Files\MiKTeX 2.9\tex/generic/pgf/math\pgfmathfunctions.comparison.
code.tex")
("C:\Program Files\MiKTeX 2.9\tex/generic/pgf/math\pgfmathfunctions.base.code.t
ex")
("C:\Program Files\MiKTeX 2.9\tex/generic/pgf/math\pgfmathfunctions.round.code.
tex")
("C:\Program Files\MiKTeX 2.9\tex/generic/pgf/math\pgfmathfunctions.misc.code.t
ex")
("C:\Program Files\MiKTeX 2.9\tex/generic/pgf/math\pgfmathfunctions.integerarit
hmetics.code.tex")))
("C:\Program Files\MiKTeX 2.9\tex/generic/pgf/math\pgfmathfloat.code.tex"
\c@pgfmathroundto@lastzeros=\count116
))
("C:\Program Files\MiKTeX 2.9\tex/generic/pgf/math\pgfint.code.tex")
("C:\Program Files\MiKTeX 2.9\tex/generic/pgf/basiclayer\pgfcorepoints.code.tex
"
File: pgfcorepoints.code.tex 2019/08/03 v3.1.4b (3.1.4b)
\pgf@picminx=\dimen141
\pgf@picmaxx=\dimen142
\pgf@picminy=\dimen143
\pgf@picmaxy=\dimen144
\pgf@pathminx=\dimen145
\pgf@pathmaxx=\dimen146
\pgf@pathminy=\dimen147
\pgf@pathmaxy=\dimen148
\pgf@xx=\dimen149
\pgf@xy=\dimen150
\pgf@yx=\dimen151
\pgf@yy=\dimen152
\pgf@zx=\dimen153
\pgf@zy=\dimen154
)
("C:\Program Files\MiKTeX 2.9\tex/generic/pgf/basiclayer\pgfcorepathconstruct.c
ode.tex"
File: pgfcorepathconstruct.code.tex 2019/08/03 v3.1.4b (3.1.4b)
\pgf@path@lastx=\dimen155
\pgf@path@lasty=\dimen156
)
("C:\Program Files\MiKTeX 2.9\tex/generic/pgf/basiclayer\pgfcorepathusage.code.
tex"
File: pgfcorepathusage.code.tex 2019/08/03 v3.1.4b (3.1.4b)
\pgf@shorten@end@additional=\dimen157
\pgf@shorten@start@additional=\dimen158
)
("C:\Program Files\MiKTeX 2.9\tex/generic/pgf/basiclayer\pgfcorescopes.code.tex
"
File: pgfcorescopes.code.tex 2019/08/03 v3.1.4b (3.1.4b)
\pgfpic=\box38
\pgf@hbox=\box39
\pgf@layerbox@main=\box40
\pgf@picture@serial@count=\count117
)
("C:\Program Files\MiKTeX 2.9\tex/generic/pgf/basiclayer\pgfcoregraphicstate.co
de.tex"
File: pgfcoregraphicstate.code.tex 2019/08/03 v3.1.4b (3.1.4b)
\pgflinewidth=\dimen159
)
("C:\Program Files\MiKTeX 2.9\tex/generic/pgf/basiclayer\pgfcoretransformations
.code.tex"
File: pgfcoretransformations.code.tex 2019/08/03 v3.1.4b (3.1.4b)
\pgf@pt@x=\dimen160
\pgf@pt@y=\dimen161
\pgf@pt@temp=\dimen162
)
("C:\Program Files\MiKTeX 2.9\tex/generic/pgf/basiclayer\pgfcorequick.code.tex"
File: pgfcorequick.code.tex 2019/08/03 v3.1.4b (3.1.4b)
)
("C:\Program Files\MiKTeX 2.9\tex/generic/pgf/basiclayer\pgfcoreobjects.code.te
x"
File: pgfcoreobjects.code.tex 2019/08/03 v3.1.4b (3.1.4b)
)
("C:\Program Files\MiKTeX 2.9\tex/generic/pgf/basiclayer\pgfcorepathprocessing.
code.tex"
File: pgfcorepathprocessing.code.tex 2019/08/03 v3.1.4b (3.1.4b)
)
("C:\Program Files\MiKTeX 2.9\tex/generic/pgf/basiclayer\pgfcorearrows.code.tex
"
File: pgfcorearrows.code.tex 2019/08/03 v3.1.4b (3.1.4b)
\pgfarrowsep=\dimen163
)
("C:\Program Files\MiKTeX 2.9\tex/generic/pgf/basiclayer\pgfcoreshade.code.tex"
File: pgfcoreshade.code.tex 2019/08/03 v3.1.4b (3.1.4b)
\pgf@max=\dimen164
\pgf@sys@shading@range@num=\count118
\pgf@shadingcount=\count119
) ("C:\Program Files\MiKTeX 2.9\tex/generic/pgf/basiclayer\pgfcoreimage.code.te
x"
File: pgfcoreimage.code.tex 2019/08/03 v3.1.4b (3.1.4b)

("C:\Program Files\MiKTeX 2.9\tex/generic/pgf/basiclayer\pgfcoreexternal.code.t
ex"
File: pgfcoreexternal.code.tex 2019/08/03 v3.1.4b (3.1.4b)
\pgfexternal@startupbox=\box41
))
("C:\Program Files\MiKTeX 2.9\tex/generic/pgf/basiclayer\pgfcorelayers.code.tex
"
File: pgfcorelayers.code.tex 2019/08/03 v3.1.4b (3.1.4b)
)
("C:\Program Files\MiKTeX 2.9\tex/generic/pgf/basiclayer\pgfcoretransparency.co
de.tex"
File: pgfcoretransparency.code.tex 2019/08/03 v3.1.4b (3.1.4b)
)
("C:\Program Files\MiKTeX 2.9\tex/generic/pgf/basiclayer\pgfcorepatterns.code.t
ex"
File: pgfcorepatterns.code.tex 2019/08/03 v3.1.4b (3.1.4b)
)
("C:\Program Files\MiKTeX 2.9\tex/generic/pgf/basiclayer\pgfcorerdf.code.tex"
File: pgfcorerdf.code.tex 2019/08/03 v3.1.4b (3.1.4b)
))) ("C:\Program Files\MiKTeX 2.9\tex/latex/pgf/utilities\xxcolor.sty"
Package: xxcolor 2003/10/24 ver 0.1
\XC@nummixins=\count120
\XC@countmixins=\count121
)
("C:\Users\gkonstan\AppData\Local\Programs\MiKTeX 2.9\tex/generic/oberdiek\atbe
gshi.sty"
Package: atbegshi 2016/06/09 v1.18 At begin shipout hook (HO)

("C:\Users\gkonstan\AppData\Local\Programs\MiKTeX 2.9\tex/generic/oberdiek\infw
arerr.sty"
Package: infwarerr 2016/05/16 v1.4 Providing info/warning/error messages (HO)
)
("C:\Users\gkonstan\AppData\Local\Programs\MiKTeX 2.9\tex/generic/oberdiek\ltxc
mds.sty"
Package: ltxcmds 2016/05/16 v1.23 LaTeX kernel commands for general use (HO)
))
("C:\Users\gkonstan\AppData\Local\Programs\MiKTeX 2.9\tex/latex/hyperref\hyperr
ef.sty"
Package: hyperref 2019/11/10 v7.00c Hypertext links for LaTeX

("C:\Users\gkonstan\AppData\Local\Programs\MiKTeX 2.9\tex/latex/pdftexcmds\pdft
excmds.sty"
Package: pdftexcmds 2019/11/24 v0.31 Utility functions of pdfTeX for LuaTeX (HO
)
Package pdftexcmds Info: \pdf@primitive is available.
Package pdftexcmds Info: \pdf@ifprimitive is available.
Package pdftexcmds Info: \pdfdraftmode found.
)
("C:\Users\gkonstan\AppData\Local\Programs\MiKTeX 2.9\tex/generic/oberdiek\kvse
tkeys.sty"
Package: kvsetkeys 2016/05/16 v1.17 Key value parser (HO)

("C:\Users\gkonstan\AppData\Local\Programs\MiKTeX 2.9\tex/generic/oberdiek\etex
cmds.sty"
Package: etexcmds 2016/05/16 v1.6 Avoid name clashes with e-TeX commands (HO)

("C:\Users\gkonstan\AppData\Local\Programs\MiKTeX 2.9\tex/generic/iftex\ifluate
x.sty"
Package: ifluatex 2019/10/25 v1.5 ifluatex legacy package. Use iftex instead.
)))
("C:\Users\gkonstan\AppData\Local\Programs\MiKTeX 2.9\tex/generic/oberdiek\kvde
finekeys.sty"
Package: kvdefinekeys 2016/05/16 v1.4 Define keys (HO)
)
("C:\Users\gkonstan\AppData\Local\Programs\MiKTeX 2.9\tex/generic/oberdiek\pdfe
scape.sty"
Package: pdfescape 2016/05/16 v1.14 Implements pdfTeX's escape features (HO)
)
("C:\Users\gkonstan\AppData\Local\Programs\MiKTeX 2.9\tex/latex/oberdiek\hycolo
r.sty"
Package: hycolor 2016/05/16 v1.8 Color options for hyperref/bookmark (HO)

("C:\Users\gkonstan\AppData\Local\Programs\MiKTeX 2.9\tex/latex/oberdiek\xcolor
-patch.sty"
Package: xcolor-patch 2016/05/16 xcolor patch

("C:\Users\gkonstan\AppData\Local\Programs\MiKTeX 2.9\tex/latex/oberdiek\hopatc
h.sty"
Package: hopatch 2016/05/16 v1.3 Wrapper for package hooks (HO)
)))
("C:\Users\gkonstan\AppData\Local\Programs\MiKTeX 2.9\tex/latex/oberdiek\letltx
macro.sty"
Package: letltxmacro 2016/05/16 v1.5 Let assignment for LaTeX macros (HO)
)
("C:\Users\gkonstan\AppData\Local\Programs\MiKTeX 2.9\tex/latex/oberdiek\auxhoo
k.sty"
Package: auxhook 2016/05/16 v1.4 Hooks for auxiliary files (HO)
)
("C:\Users\gkonstan\AppData\Local\Programs\MiKTeX 2.9\tex/latex/oberdiek\kvopti
ons.sty"
Package: kvoptions 2016/05/16 v3.12 Key value format for package options (HO)
)
\@linkdim=\dimen165
\Hy@linkcounter=\count122
\Hy@pagecounter=\count123

("C:\Users\gkonstan\AppData\Local\Programs\MiKTeX 2.9\tex/latex/hyperref\pd1enc
.def"
File: pd1enc.def 2019/11/10 v7.00c Hyperref: PDFDocEncoding definition (HO)
Now handling font encoding PD1 ...
... no UTF-8 mapping file for font encoding PD1
)
("C:\Users\gkonstan\AppData\Local\Programs\MiKTeX 2.9\tex/generic/oberdiek\intc
alc.sty"
Package: intcalc 2016/05/16 v1.2 Expandable calculations with integers (HO)
)
\Hy@SavedSpaceFactor=\count124

("C:\Users\gkonstan\AppData\Local\Programs\MiKTeX 2.9\tex/latex/00miktex\hyperr
ef.cfg"
File: hyperref.cfg 2002/06/06 v1.2 hyperref configuration of TeXLive
)
Package hyperref Info: Option `bookmarks' set `true' on input line 4409.
Package hyperref Info: Option `bookmarksopen' set `true' on input line 4409.
Package hyperref Info: Option `implicit' set `false' on input line 4409.
Package hyperref Info: Hyper figures OFF on input line 4535.
Package hyperref Info: Link nesting OFF on input line 4540.
Package hyperref Info: Hyper index ON on input line 4543.
Package hyperref Info: Plain pages OFF on input line 4550.
Package hyperref Info: Backreferencing OFF on input line 4555.
Package hyperref Info: Implicit mode OFF; no redefinition of LaTeX internals.
Package hyperref Info: Bookmarks ON on input line 4788.
\c@Hy@tempcnt=\count125

("C:\Users\gkonstan\AppData\Local\Programs\MiKTeX 2.9\tex/latex/url\url.sty"
\Urlmuskip=\muskip10
Package: url 2013/09/16  ver 3.4  Verb mode for urls, etc.
)
LaTeX Info: Redefining \url on input line 5147.
\XeTeXLinkMargin=\dimen166

("C:\Users\gkonstan\AppData\Local\Programs\MiKTeX 2.9\tex/generic/oberdiek\bits
et.sty"
Package: bitset 2016/05/16 v1.2 Handle bit-vector datatype (HO)

("C:\Users\gkonstan\AppData\Local\Programs\MiKTeX 2.9\tex/generic/oberdiek\bigi
ntcalc.sty"
Package: bigintcalc 2016/05/16 v1.4 Expandable calculations on big integers (HO
)
))
\Fld@menulength=\count126
\Field@Width=\dimen167
\Fld@charsize=\dimen168
Package hyperref Info: Hyper figures OFF on input line 6418.
Package hyperref Info: Link nesting OFF on input line 6423.
Package hyperref Info: Hyper index ON on input line 6426.
Package hyperref Info: backreferencing OFF on input line 6433.
Package hyperref Info: Link coloring OFF on input line 6438.
Package hyperref Info: Link coloring with OCG OFF on input line 6443.
Package hyperref Info: PDF/A mode OFF on input line 6448.
LaTeX Info: Redefining \ref on input line 6488.
LaTeX Info: Redefining \pageref on input line 6492.
\Hy@abspage=\count127


Package hyperref Message: Stopped early.

)
Package hyperref Info: Driver (autodetected): hpdftex.

("C:\Users\gkonstan\AppData\Local\Programs\MiKTeX 2.9\tex/latex/hyperref\hpdfte
x.def"
File: hpdftex.def 2019/11/10 v7.00c Hyperref driver for pdfTeX

("C:\Users\gkonstan\AppData\Local\Programs\MiKTeX 2.9\tex/latex/oberdiek\atvery
end.sty"
Package: atveryend 2016/05/16 v1.9 Hooks at the very end of document (HO)
)
\Fld@listcount=\count128
\c@bookmark@seq@number=\count129

("C:\Users\gkonstan\AppData\Local\Programs\MiKTeX 2.9\tex/latex/oberdiek\rerunf
ilecheck.sty"
Package: rerunfilecheck 2016/05/16 v1.8 Rerun checks for auxiliary files (HO)

("C:\Users\gkonstan\AppData\Local\Programs\MiKTeX 2.9\tex/generic/oberdiek\uniq
uecounter.sty"
Package: uniquecounter 2016/05/16 v1.3 Provide unlimited unique counter (HO)
)
Package uniquecounter Info: New unique counter `rerunfilecheck' on input line 2
85.
))
("C:\Users\gkonstan\AppData\Local\Programs\MiKTeX 2.9\tex/latex/beamer\beamerba
serequires.sty"
("C:\Users\gkonstan\AppData\Local\Programs\MiKTeX 2.9\tex/latex/beamer\beamerba
secompatibility.sty")
("C:\Users\gkonstan\AppData\Local\Programs\MiKTeX 2.9\tex/latex/beamer\beamerba
sefont.sty"
("C:\Users\gkonstan\AppData\Local\Programs\MiKTeX 2.9\tex/latex/amsfonts\amssym
b.sty"
Package: amssymb 2013/01/14 v3.01 AMS font symbols

("C:\Users\gkonstan\AppData\Local\Programs\MiKTeX 2.9\tex/latex/amsfonts\amsfon
ts.sty"
Package: amsfonts 2013/01/14 v3.01 Basic AMSFonts support
\@emptytoks=\toks26
\symAMSa=\mathgroup4
\symAMSb=\mathgroup5
LaTeX Font Info:    Redeclaring math symbol \hbar on input line 98.
LaTeX Font Info:    Overwriting math alphabet `\mathfrak' in version `bold'
(Font)                  U/euf/m/n --> U/euf/b/n on input line 106.
))
("C:\Users\gkonstan\AppData\Local\Programs\MiKTeX 2.9\tex/latex/sansmathaccent\
sansmathaccent.sty"
Package: sansmathaccent 2013/03/28

("C:\Users\gkonstan\AppData\Local\Programs\MiKTeX 2.9\tex/latex/filehook\fileho
ok.sty"
Package: filehook 2019/10/03 v0.6 Hooks for input files
)))
("C:\Users\gkonstan\AppData\Local\Programs\MiKTeX 2.9\tex/latex/beamer\beamerba
setranslator.sty"
("C:\Program Files\MiKTeX 2.9\tex/latex/translator\translator.sty"
Package: translator 2019-05-31 v1.12a Easy translation of strings in LaTeX
))
("C:\Users\gkonstan\AppData\Local\Programs\MiKTeX 2.9\tex/latex/beamer\beamerba
semisc.sty")
("C:\Users\gkonstan\AppData\Local\Programs\MiKTeX 2.9\tex/latex/beamer\beamerba
setwoscreens.sty")
("C:\Users\gkonstan\AppData\Local\Programs\MiKTeX 2.9\tex/latex/beamer\beamerba
seoverlay.sty"
\beamer@argscount=\count130
\beamer@lastskipcover=\skip44
\beamer@trivlistdepth=\count131
)
("C:\Users\gkonstan\AppData\Local\Programs\MiKTeX 2.9\tex/latex/beamer\beamerba
setitle.sty")
("C:\Users\gkonstan\AppData\Local\Programs\MiKTeX 2.9\tex/latex/beamer\beamerba
sesection.sty"
\c@lecture=\count132
\c@part=\count133
\c@section=\count134
\c@subsection=\count135
\c@subsubsection=\count136
)
("C:\Users\gkonstan\AppData\Local\Programs\MiKTeX 2.9\tex/latex/beamer\beamerba
seframe.sty"
\beamer@framebox=\box42
\beamer@frametitlebox=\box43
\beamer@zoombox=\box44
\beamer@zoomcount=\count137
\beamer@zoomframecount=\count138
\beamer@frametextheight=\dimen169
\c@subsectionslide=\count139
\beamer@frametopskip=\skip45
\beamer@framebottomskip=\skip46
\beamer@frametopskipautobreak=\skip47
\beamer@framebottomskipautobreak=\skip48
\beamer@envbody=\toks27
\framewidth=\dimen170
\c@framenumber=\count140
)
("C:\Users\gkonstan\AppData\Local\Programs\MiKTeX 2.9\tex/latex/beamer\beamerba
severbatim.sty"
\beamer@verbatimfileout=\write4
)
("C:\Users\gkonstan\AppData\Local\Programs\MiKTeX 2.9\tex/latex/beamer\beamerba
seframesize.sty"
\beamer@splitbox=\box45
\beamer@autobreakcount=\count141
\beamer@autobreaklastheight=\dimen171
\beamer@frametitletoks=\toks28
\beamer@framesubtitletoks=\toks29
)
("C:\Users\gkonstan\AppData\Local\Programs\MiKTeX 2.9\tex/latex/beamer\beamerba
seframecomponents.sty"
\beamer@footins=\box46
)
("C:\Users\gkonstan\AppData\Local\Programs\MiKTeX 2.9\tex/latex/beamer\beamerba
secolor.sty")
("C:\Users\gkonstan\AppData\Local\Programs\MiKTeX 2.9\tex/latex/beamer\beamerba
senotes.sty"
\beamer@frameboxcopy=\box47
)
("C:\Users\gkonstan\AppData\Local\Programs\MiKTeX 2.9\tex/latex/beamer\beamerba
setoc.sty")
("C:\Users\gkonstan\AppData\Local\Programs\MiKTeX 2.9\tex/latex/beamer\beamerba
setemplates.sty"
\beamer@sbttoks=\toks30

("C:\Users\gkonstan\AppData\Local\Programs\MiKTeX 2.9\tex/latex/beamer\beamerba
seauxtemplates.sty"
("C:\Users\gkonstan\AppData\Local\Programs\MiKTeX 2.9\tex/latex/beamer\beamerba
seboxes.sty"
\bmb@box=\box48
\bmb@colorbox=\box49
\bmb@boxshadow=\box50
\bmb@boxshadowball=\box51
\bmb@boxshadowballlarge=\box52
\bmb@temp=\dimen172
\bmb@dima=\dimen173
\bmb@dimb=\dimen174
\bmb@prevheight=\dimen175
)
\beamer@blockheadheight=\dimen176
))
("C:\Users\gkonstan\AppData\Local\Programs\MiKTeX 2.9\tex/latex/beamer\beamerba
selocalstructure.sty"
("C:\Users\gkonstan\AppData\Local\Programs\MiKTeX 2.9\tex/latex/tools\enumerate
.sty"
Package: enumerate 2015/07/23 v3.00 enumerate extensions (DPC)
\@enLab=\toks31
)
\c@figure=\count142
\c@table=\count143
\abovecaptionskip=\skip49
\belowcaptionskip=\skip50
)
("C:\Users\gkonstan\AppData\Local\Programs\MiKTeX 2.9\tex/latex/beamer\beamerba
senavigation.sty"
\beamer@section@min@dim=\dimen177
)
("C:\Users\gkonstan\AppData\Local\Programs\MiKTeX 2.9\tex/latex/beamer\beamerba
setheorems.sty"
("C:\Users\gkonstan\AppData\Local\Programs\MiKTeX 2.9\tex/latex/amsmath\amsmath
.sty"
Package: amsmath 2019/11/16 v2.17d AMS math features
\@mathmargin=\skip51

For additional information on amsmath, use the `?' option.

("C:\Users\gkonstan\AppData\Local\Programs\MiKTeX 2.9\tex/latex/amsmath\amstext
.sty"
Package: amstext 2000/06/29 v2.01 AMS text

("C:\Users\gkonstan\AppData\Local\Programs\MiKTeX 2.9\tex/latex/amsmath\amsgen.
sty"
File: amsgen.sty 1999/11/30 v2.0 generic functions
\@emptytoks=\toks32
\ex@=\dimen178
))
("C:\Users\gkonstan\AppData\Local\Programs\MiKTeX 2.9\tex/latex/amsmath\amsbsy.
sty"
Package: amsbsy 1999/11/29 v1.2d Bold Symbols
\pmbraise@=\dimen179
)
("C:\Users\gkonstan\AppData\Local\Programs\MiKTeX 2.9\tex/latex/amsmath\amsopn.
sty"
Package: amsopn 2016/03/08 v2.02 operator names
)
\inf@bad=\count144
LaTeX Info: Redefining \frac on input line 227.
\uproot@=\count145
\leftroot@=\count146
LaTeX Info: Redefining \overline on input line 389.
\classnum@=\count147
\DOTSCASE@=\count148
LaTeX Info: Redefining \ldots on input line 486.
LaTeX Info: Redefining \dots on input line 489.
LaTeX Info: Redefining \cdots on input line 610.
\Mathstrutbox@=\box53
\strutbox@=\box54
\big@size=\dimen180
LaTeX Font Info:    Redeclaring font encoding OML on input line 733.
LaTeX Font Info:    Redeclaring font encoding OMS on input line 734.
\macc@depth=\count149
\c@MaxMatrixCols=\count150
\dotsspace@=\muskip11
\c@parentequation=\count151
\dspbrk@lvl=\count152
\tag@help=\toks33
\row@=\count153
\column@=\count154
\maxfields@=\count155
\andhelp@=\toks34
\eqnshift@=\dimen181
\alignsep@=\dimen182
\tagshift@=\dimen183
\tagwidth@=\dimen184
\totwidth@=\dimen185
\lineht@=\dimen186
\@envbody=\toks35
\multlinegap=\skip52
\multlinetaggap=\skip53
\mathdisplay@stack=\toks36
LaTeX Info: Redefining \[ on input line 2858.
LaTeX Info: Redefining \] on input line 2859.
) ("C:\Program Files\MiKTeX 2.9\tex/latex/amscls\amsthm.sty"
Package: amsthm 2017/10/31 v2.20.4
\thm@style=\toks37
\thm@bodyfont=\toks38
\thm@headfont=\toks39
\thm@notefont=\toks40
\thm@headpunct=\toks41
\thm@preskip=\skip54
\thm@postskip=\skip55
\thm@headsep=\skip56
\dth@everypar=\toks42
)
\c@theorem=\count156
)
("C:\Users\gkonstan\AppData\Local\Programs\MiKTeX 2.9\tex/latex/beamer\beamerba
sethemes.sty"))
("C:\Users\gkonstan\AppData\Local\Programs\MiKTeX 2.9\tex/latex/beamer\beamerth
emedefault.sty"
("C:\Users\gkonstan\AppData\Local\Programs\MiKTeX 2.9\tex/latex/beamer\beamerfo
ntthemedefault.sty")
("C:\Users\gkonstan\AppData\Local\Programs\MiKTeX 2.9\tex/latex/beamer\beamerco
lorthemedefault.sty")
("C:\Users\gkonstan\AppData\Local\Programs\MiKTeX 2.9\tex/latex/beamer\beamerin
nerthemedefault.sty"
\beamer@dima=\dimen187
\beamer@dimb=\dimen188
)
("C:\Users\gkonstan\AppData\Local\Programs\MiKTeX 2.9\tex/latex/beamer\beamerou
terthemedefault.sty")))
("C:\Users\gkonstan\AppData\Local\Programs\MiKTeX 2.9\tex/latex/beamer\beamerth
emeMontpellier.sty"
("C:\Users\gkonstan\AppData\Local\Programs\MiKTeX 2.9\tex/latex/beamer\beamerou
terthemetree.sty"))
("C:\Users\gkonstan\AppData\Local\Programs\MiKTeX 2.9\tex/latex/base\fontenc.st
y"
Package: fontenc 2018/08/11 v2.0j Standard LaTeX package

("C:\Users\gkonstan\AppData\Local\Programs\MiKTeX 2.9\tex/latex/base\ot1enc.def
"
File: ot1enc.def 2018/08/11 v2.0j Standard LaTeX file
LaTeX Font Info:    Redeclaring font encoding OT1 on input line 48.
))
("C:\Users\gkonstan\AppData\Local\Programs\MiKTeX 2.9\tex/latex/base\inputenc.s
ty"
Package: inputenc 2018/08/11 v1.3c Input encoding file
\inpenc@prehook=\toks43
\inpenc@posthook=\toks44

("C:\Users\gkonstan\AppData\Local\Programs\MiKTeX 2.9\tex/latex/ucs\utf8x.def"
File: utf8x.def 2004/10/17 UCS: Input encoding UTF-8
)) ("C:\Users\gkonstan\AppData\Local\Programs\MiKTeX 2.9\tex/latex/ucs\ucs.sty"
Package: ucs 2013/05/11 v2.2 UCS: Unicode input support

("C:\Users\gkonstan\AppData\Local\Programs\MiKTeX 2.9\tex/latex/ucs\uni-global.
def"
File: uni-global.def 2013/05/13 UCS: Unicode global data
)
\uc@secondtry=\count157
\uc@combtoks=\toks45
\uc@combtoksb=\toks46
\uc@temptokena=\toks47
)
("C:\Users\gkonstan\AppData\Local\Programs\MiKTeX 2.9\tex/generic/babel\babel.s
ty"
Package: babel 2019/11/14 3.36 The Babel package

("C:\Users\gkonstan\AppData\Local\Programs\MiKTeX 2.9\tex/generic/babel\switch.
def"
File: switch.def 2019/11/14 3.36 Babel switching mechanism
)
*************************************
* Local config file bblopts.cfg used
*

("C:\Users\gkonstan\AppData\Local\Programs\MiKTeX 2.9\tex/latex/arabi\bblopts.c
fg"
File: bblopts.cfg 2005/09/08 v0.1 add Arabic and Farsi to "declared" options of
 babel
) ("C:\Program Files\MiKTeX 2.9\tex/latex/babel-german\german.ldf"
Language: german 2018/12/08 v2.11 German support for babel (pre-1996 orthograph
y)

("C:\Program Files\MiKTeX 2.9\tex/latex/babel-german\germanb.ldf"
Language: germanb 2018/12/08 v2.11 German support for babel (pre-1996 orthograp
hy)

("C:\Users\gkonstan\AppData\Local\Programs\MiKTeX 2.9\tex/generic/babel\babel.d
ef"
File: babel.def 2019/11/14 3.36 Babel common definitions
\babel@savecnt=\count158
\U@D=\dimen189

("C:\Users\gkonstan\AppData\Local\Programs\MiKTeX 2.9\tex/generic/babel\txtbabe
l.def")
LaTeX Info: Redefining \textlatin on input line 2250.
\bbl@dirlevel=\count159
)
Package babel Info: Making " an active character on input line 135.
)))
("C:\Users\gkonstan\AppData\Local\Programs\MiKTeX 2.9\tex/latex/booktabs\bookta
bs.sty"
Package: booktabs 2020/01/12 v1.61803398 Publication quality tables
\heavyrulewidth=\dimen190
\lightrulewidth=\dimen191
\cmidrulewidth=\dimen192
\belowrulesep=\dimen193
\belowbottomsep=\dimen194
\aboverulesep=\dimen195
\abovetopsep=\dimen196
\cmidrulesep=\dimen197
\cmidrulekern=\dimen198
\defaultaddspace=\dimen199
\@cmidla=\count160
\@cmidlb=\count161
\@aboverulesep=\dimen256
\@belowrulesep=\dimen257
\@thisruleclass=\count162
\@lastruleclass=\count163
\@thisrulewidth=\dimen258
)
\sympureletters=\mathgroup6
LaTeX Font Info:    Overwriting symbol font `pureletters' in version `bold'
(Font)                  OT1/mathkerncmss/m/sl --> OT1/mathkerncmss/bx/sl on inp
ut line 15.

("C:\Users\gkonstan\AppData\Local\Programs\MiKTeX 2.9\tex/latex/tools\bm.sty"
Package: bm 2019/07/24 v1.2d Bold Symbol Support (DPC/FMi)
\symboldoperators=\mathgroup7
\symboldletters=\mathgroup8
\symboldsymbols=\mathgroup9
\symboldpureletters=\mathgroup10
LaTeX Font Info:    Redeclaring math alphabet \mathbf on input line 141.
LaTeX Info: Redefining \bm on input line 209.
)
("C:\Program Files\MiKTeX 2.9\tex/latex/pgf/basiclayer\pgf.sty"
Package: pgf 2019/08/03 v3.1.4b (3.1.4b)

("C:\Program Files\MiKTeX 2.9\tex/generic/pgf/modules\pgfmoduleshapes.code.tex"
File: pgfmoduleshapes.code.tex 2019/08/03 v3.1.4b (3.1.4b)
\pgfnodeparttextbox=\box55
) ("C:\Program Files\MiKTeX 2.9\tex/generic/pgf/modules\pgfmoduleplot.code.tex"
File: pgfmoduleplot.code.tex 2019/08/03 v3.1.4b (3.1.4b)
)
("C:\Program Files\MiKTeX 2.9\tex/latex/pgf/compatibility\pgfcomp-version-0-65.
sty"
Package: pgfcomp-version-0-65 2019/08/03 v3.1.4b (3.1.4b)
\pgf@nodesepstart=\dimen259
\pgf@nodesepend=\dimen260
)
("C:\Program Files\MiKTeX 2.9\tex/latex/pgf/compatibility\pgfcomp-version-1-18.
sty"
Package: pgfcomp-version-1-18 2019/08/03 v3.1.4b (3.1.4b)
)) ("C:\Program Files\MiKTeX 2.9\tex/latex/soul\soul.sty"
Package: soul 2003/11/17 v2.4 letterspacing/underlining (mf)
\SOUL@word=\toks48
\SOUL@lasttoken=\toks49
\SOUL@cmds=\toks50
\SOUL@buffer=\toks51
\SOUL@token=\toks52
\SOUL@spaceskip=\skip57
\SOUL@ttwidth=\dimen261
\SOUL@uldp=\dimen262
\SOUL@ulht=\dimen263
)
("C:\Program Files\MiKTeX 2.9\tex/latex/pgf/frontendlayer\tikz.sty"
("C:\Program Files\MiKTeX 2.9\tex/latex/pgf/utilities\pgffor.sty"
("C:\Program Files\MiKTeX 2.9\tex/latex/pgf/utilities\pgfkeys.sty"
("C:\Program Files\MiKTeX 2.9\tex/generic/pgf/utilities\pgfkeys.code.tex"))
("C:\Program Files\MiKTeX 2.9\tex/latex/pgf/math\pgfmath.sty"
("C:\Program Files\MiKTeX 2.9\tex/generic/pgf/math\pgfmath.code.tex"))
("C:\Program Files\MiKTeX 2.9\tex/generic/pgf/utilities\pgffor.code.tex"
Package: pgffor 2019/08/03 v3.1.4b (3.1.4b)

("C:\Program Files\MiKTeX 2.9\tex/generic/pgf/math\pgfmath.code.tex")
\pgffor@iter=\dimen264
\pgffor@skip=\dimen265
\pgffor@stack=\toks53
\pgffor@toks=\toks54
))
("C:\Program Files\MiKTeX 2.9\tex/generic/pgf/frontendlayer/tikz\tikz.code.tex"
Package: tikz 2019/08/03 v3.1.4b (3.1.4b)

("C:\Program Files\MiKTeX 2.9\tex/generic/pgf/libraries\pgflibraryplothandlers.
code.tex"
File: pgflibraryplothandlers.code.tex 2019/08/03 v3.1.4b (3.1.4b)
\pgf@plot@mark@count=\count164
\pgfplotmarksize=\dimen266
)
\tikz@lastx=\dimen267
\tikz@lasty=\dimen268
\tikz@lastxsaved=\dimen269
\tikz@lastysaved=\dimen270
\tikz@lastmovetox=\dimen271
\tikz@lastmovetoy=\dimen272
\tikzleveldistance=\dimen273
\tikzsiblingdistance=\dimen274
\tikz@figbox=\box56
\tikz@figbox@bg=\box57
\tikz@tempbox=\box58
\tikz@tempbox@bg=\box59
\tikztreelevel=\count165
\tikznumberofchildren=\count166
\tikznumberofcurrentchild=\count167
\tikz@fig@count=\count168

("C:\Program Files\MiKTeX 2.9\tex/generic/pgf/modules\pgfmodulematrix.code.tex"
File: pgfmodulematrix.code.tex 2019/08/03 v3.1.4b (3.1.4b)
\pgfmatrixcurrentrow=\count169
\pgfmatrixcurrentcolumn=\count170
\pgf@matrix@numberofcolumns=\count171
)
\tikz@expandcount=\count172

("C:\Program Files\MiKTeX 2.9\tex/generic/pgf/frontendlayer/tikz/libraries\tikz
librarytopaths.code.tex"
File: tikzlibrarytopaths.code.tex 2019/08/03 v3.1.4b (3.1.4b)
)))
("C:\Users\gkonstan\AppData\Local\Programs\MiKTeX 2.9\tex/latex/appendixnumberb
eamer\appendixnumberbeamer.sty") (lecture3b.aux)
\openout1 = `lecture3b.aux'.

LaTeX Font Info:    Checking defaults for OML/cmm/m/it on input line 66.
LaTeX Font Info:    ... okay on input line 66.
LaTeX Font Info:    Checking defaults for T1/cmr/m/n on input line 66.
LaTeX Font Info:    ... okay on input line 66.
LaTeX Font Info:    Checking defaults for OT1/cmr/m/n on input line 66.
LaTeX Font Info:    ... okay on input line 66.
LaTeX Font Info:    Checking defaults for OMS/cmsy/m/n on input line 66.
LaTeX Font Info:    ... okay on input line 66.
LaTeX Font Info:    Checking defaults for OMX/cmex/m/n on input line 66.
LaTeX Font Info:    ... okay on input line 66.
LaTeX Font Info:    Checking defaults for U/cmr/m/n on input line 66.
LaTeX Font Info:    ... okay on input line 66.
LaTeX Font Info:    Checking defaults for PD1/pdf/m/n on input line 66.
LaTeX Font Info:    ... okay on input line 66.

*geometry* driver: auto-detecting
*geometry* detected driver: pdftex
*geometry* verbose mode - [ preamble ] result:
* driver: pdftex
* paper: custom
* layout: <same size as paper>
* layoutoffset:(h,v)=(0.0pt,0.0pt)
* modes: includehead includefoot 
* h-part:(L,W,R)=(28.45274pt, 307.28987pt, 28.45274pt)
* v-part:(T,H,B)=(0.0pt, 273.14662pt, 0.0pt)
* \paperwidth=364.19536pt
* \paperheight=273.14662pt
* \textwidth=307.28987pt
* \textheight=244.6939pt
* \oddsidemargin=-43.81725pt
* \evensidemargin=-43.81725pt
* \topmargin=-72.26999pt
* \headheight=14.22636pt
* \headsep=0.0pt
* \topskip=11.0pt
* \footskip=14.22636pt
* \marginparwidth=4.0pt
* \marginparsep=10.0pt
* \columnsep=10.0pt
* \skip\footins=10.0pt plus 4.0pt minus 2.0pt
* \hoffset=0.0pt
* \voffset=0.0pt
* \mag=1000
* \@twocolumnfalse
* \@twosidefalse
* \@mparswitchfalse
* \@reversemarginfalse
* (1in=72.27pt=25.4mm, 1cm=28.453pt)


("C:\Users\gkonstan\AppData\Local\Programs\MiKTeX 2.9\tex/context/base/mkii\sup
p-pdf.mkii"
[Loading MPS to PDF converter (version 2006.09.02).]
\scratchcounter=\count173
\scratchdimen=\dimen275
\scratchbox=\box60
\nofMPsegments=\count174
\nofMParguments=\count175
\everyMPshowfont=\toks55
\MPscratchCnt=\count176
\MPscratchDim=\dimen276
\MPnumerator=\count177
\makeMPintoPDFobject=\count178
\everyMPtoPDFconversion=\toks56
)
("C:\Users\gkonstan\AppData\Local\Programs\MiKTeX 2.9\tex/latex/epstopdf-pkg\ep
stopdf-base.sty"
Package: epstopdf-base 2019/11/24 v2.7 Base part for package epstopdf

("C:\Users\gkonstan\AppData\Local\Programs\MiKTeX 2.9\tex/latex/oberdiek\grfext
.sty"
Package: grfext 2016/05/16 v1.2 Manage graphics extensions (HO)
)
Package epstopdf-base Info: Redefining graphics rule for `.eps' on input line 4
42.
Package grfext Info: Graphics extension search list:
(grfext)             [.pdf,.png,.jpg,.mps,.jpeg,.jbig2,.jb2,.PDF,.PNG,.JPG,.JPE
G,.JBIG2,.JB2,.eps]
(grfext)             \AppendGraphicsExtensions on input line 460.
) ABD: EveryShipout initializing macros
\AtBeginShipoutBox=\box61
Package hyperref Info: Link coloring OFF on input line 66.

("C:\Users\gkonstan\AppData\Local\Programs\MiKTeX 2.9\tex/latex/hyperref\namere
f.sty"
Package: nameref 2019/09/16 v2.46 Cross-referencing by name of section

("C:\Users\gkonstan\AppData\Local\Programs\MiKTeX 2.9\tex/latex/oberdiek\refcou
nt.sty"
Package: refcount 2016/05/16 v3.5 Data extraction from label references (HO)
)
("C:\Users\gkonstan\AppData\Local\Programs\MiKTeX 2.9\tex/generic/oberdiek\gett
itlestring.sty"
Package: gettitlestring 2016/05/16 v1.5 Cleanup title references (HO)
)
\c@section@level=\count179
)
LaTeX Info: Redefining \ref on input line 66.
LaTeX Info: Redefining \pageref on input line 66.
LaTeX Info: Redefining \nameref on input line 66.
 (lecture3b.out) (lecture3b.out)
\@outlinefile=\write5
\openout5 = `lecture3b.out'.

LaTeX Font Info:    Overwriting symbol font `operators' in version `normal'
(Font)                  OT1/cmr/m/n --> OT1/cmss/m/n on input line 66.
LaTeX Font Info:    Overwriting symbol font `operators' in version `bold'
(Font)                  OT1/cmr/bx/n --> OT1/cmss/bx/n on input line 66.
\symnumbers=\mathgroup11
LaTeX Font Info:    Redeclaring symbol font `pureletters' on input line 66.
LaTeX Font Info:    Overwriting symbol font `pureletters' in version `normal'
(Font)                  OT1/mathkerncmss/m/sl --> OT1/cmss/m/it on input line 6
6.
LaTeX Font Info:    Overwriting symbol font `pureletters' in version `bold'
(Font)                  OT1/mathkerncmss/bx/sl --> OT1/cmss/m/it on input line 
66.
LaTeX Font Info:    Overwriting math alphabet `\mathrm' in version `normal'
(Font)                  OT1/cmss/m/n --> OT1/cmr/m/n on input line 66.
LaTeX Font Info:    Redeclaring math alphabet \mathbf on input line 66.
LaTeX Font Info:    Redeclaring math alphabet \mathsf on input line 66.
LaTeX Font Info:    Overwriting math alphabet `\mathsf' in version `normal'
(Font)                  OT1/cmss/m/n --> OT1/cmss/m/n on input line 66.
LaTeX Font Info:    Overwriting math alphabet `\mathsf' in version `bold'
(Font)                  OT1/cmss/bx/n --> OT1/cmss/m/n on input line 66.
LaTeX Font Info:    Redeclaring math alphabet \mathit on input line 66.
LaTeX Font Info:    Overwriting math alphabet `\mathit' in version `normal'
(Font)                  OT1/cmr/m/it --> OT1/cmss/m/it on input line 66.
LaTeX Font Info:    Overwriting math alphabet `\mathit' in version `bold'
(Font)                  OT1/cmr/bx/it --> OT1/cmss/m/it on input line 66.
LaTeX Font Info:    Redeclaring math alphabet \mathtt on input line 66.
LaTeX Font Info:    Overwriting math alphabet `\mathtt' in version `normal'
(Font)                  OT1/cmtt/m/n --> OT1/cmtt/m/n on input line 66.
LaTeX Font Info:    Overwriting math alphabet `\mathtt' in version `bold'
(Font)                  OT1/cmtt/m/n --> OT1/cmtt/m/n on input line 66.
LaTeX Font Info:    Overwriting symbol font `numbers' in version `bold'
(Font)                  OT1/cmss/m/n --> OT1/cmss/bx/n on input line 66.
LaTeX Font Info:    Overwriting symbol font `pureletters' in version `bold'
(Font)                  OT1/cmss/m/it --> OT1/cmss/bx/it on input line 66.
LaTeX Font Info:    Overwriting math alphabet `\mathrm' in version `bold'
(Font)                  OT1/cmss/bx/n --> OT1/cmr/bx/n on input line 66.
LaTeX Font Info:    Overwriting math alphabet `\mathbf' in version `bold'
(Font)                  OT1/cmss/bx/n --> OT1/cmss/bx/n on input line 66.
LaTeX Font Info:    Overwriting math alphabet `\mathsf' in version `bold'
(Font)                  OT1/cmss/m/n --> OT1/cmss/bx/n on input line 66.
LaTeX Font Info:    Overwriting math alphabet `\mathit' in version `bold'
(Font)                  OT1/cmss/m/it --> OT1/cmss/bx/it on input line 66.
LaTeX Font Info:    Overwriting math alphabet `\mathtt' in version `bold'
(Font)                  OT1/cmtt/m/n --> OT1/cmtt/bx/n on input line 66.
LaTeX Font Info:    Redeclaring symbol font `pureletters' on input line 66.
LaTeX Font Info:    Overwriting symbol font `pureletters' in version `normal'
(Font)                  OT1/cmss/m/it --> OT1/mathkerncmss/m/sl on input line 6
6.
LaTeX Font Info:    Overwriting symbol font `pureletters' in version `bold'
(Font)                  OT1/cmss/bx/it --> OT1/mathkerncmss/m/sl on input line 
66.
LaTeX Font Info:    Overwriting symbol font `pureletters' in version `bold'
(Font)                  OT1/mathkerncmss/m/sl --> OT1/mathkerncmss/bx/sl on inp
ut line 66.

("C:\Program Files\MiKTeX 2.9\tex/latex/translator\translator-basic-dictionary-
English.dict"
Dictionary: translator-basic-dictionary, Language: English 
)
("C:\Program Files\MiKTeX 2.9\tex/latex/translator\translator-bibliography-dict
ionary-English.dict"
Dictionary: translator-bibliography-dictionary, Language: English 
)
("C:\Program Files\MiKTeX 2.9\tex/latex/translator\translator-environment-dicti
onary-English.dict"
Dictionary: translator-environment-dictionary, Language: English 
)
("C:\Program Files\MiKTeX 2.9\tex/latex/translator\translator-months-dictionary
-English.dict"
Dictionary: translator-months-dictionary, Language: English 
)
("C:\Program Files\MiKTeX 2.9\tex/latex/translator\translator-numbers-dictionar
y-English.dict"
Dictionary: translator-numbers-dictionary, Language: English 
)
("C:\Program Files\MiKTeX 2.9\tex/latex/translator\translator-theorem-dictionar
y-English.dict"
Dictionary: translator-theorem-dictionary, Language: English 
)
("C:\Users\gkonstan\AppData\Local\Programs\MiKTeX 2.9\tex/latex/ucs\ucsencs.def
"
File: ucsencs.def 2011/01/21 Fixes to fontencodings LGR, T3
) (lecture3b.nav) [1{C:/Users/gkonstan/AppData/Local/MiKTeX/2.9/pdftex/config/p
dftex.map}

] (lecture3b.toc) [2

]
LaTeX Font Info:    Trying to load font information for U+msa on input line 112
.

("C:\Users\gkonstan\AppData\Local\Programs\MiKTeX 2.9\tex/latex/amsfonts\umsa.f
d"
File: umsa.fd 2013/01/14 v3.01 AMS symbols A
)
LaTeX Font Info:    Trying to load font information for U+msb on input line 112
.

("C:\Users\gkonstan\AppData\Local\Programs\MiKTeX 2.9\tex/latex/amsfonts\umsb.f
d"
File: umsb.fd 2013/01/14 v3.01 AMS symbols B
)
LaTeX Font Info:    Trying to load font information for OT1+mathkerncmss on inp
ut line 112.

("C:\Users\gkonstan\AppData\Local\Programs\MiKTeX 2.9\tex/latex/sansmathaccent\
ot1mathkerncmss.fd"
File: ot1mathkerncmss.fd 2013/03/27 Fontinst v1.933 font definitions for OT1/ma
thkerncmss.
) [3

]
Overfull \vbox (5.22565pt too high) detected at line 132
 []

[4

]
<E:/Postdoc Imperial/Lectures/2023_AdvancedRegression/AdvancedRegression2022-20
23/lectures/graphs/residual.jpg, id=199, 543.02875pt x 402.50375pt>
File: E:/Postdoc Imperial/Lectures/2023_AdvancedRegression/AdvancedRegression20
22-2023/lectures/graphs/residual.jpg Graphic file (type jpg)
<use E:/Postdoc Imperial/Lectures/2023_AdvancedRegression/AdvancedRegression202
2-2023/lectures/graphs/residual.jpg>
Package pdftex.def Info: E:/Postdoc Imperial/Lectures/2023_AdvancedRegression/A
dvancedRegression2022-2023/lectures/graphs/residual.jpg  used on input line 150
.
(pdftex.def)             Requested size: 228.07051pt x 169.05042pt.
 [5

 <E:/Postdoc Imperial/Lectures/2023_AdvancedRegression/AdvancedRegression2022-2
023/lectures/graphs/residual.jpg>] [6

] [7

] [8

]
Overfull \vbox (1.98888pt too high) detected at line 241
 []

[9

] [10

]
<E:/Postdoc Imperial/Lectures/2023_AdvancedRegression/AdvancedRegression2022-20
23/lectures/graphs/ridge.png, id=370, 633.86812pt x 751.30687pt>
File: E:/Postdoc Imperial/Lectures/2023_AdvancedRegression/AdvancedRegression20
22-2023/lectures/graphs/ridge.png Graphic file (type png)
<use E:/Postdoc Imperial/Lectures/2023_AdvancedRegression/AdvancedRegression202
2-2023/lectures/graphs/ridge.png>
Package pdftex.def Info: E:/Postdoc Imperial/Lectures/2023_AdvancedRegression/A
dvancedRegression2022-2023/lectures/graphs/ridge.png  used on input line 276.
(pdftex.def)             Requested size: 126.77138pt x 150.2587pt.
 [11

 <E:/Postdoc Imperial/Lectures/2023_AdvancedRegression/AdvancedRegression2022-2
023/lectures/graphs/ridge.png>] [12

] [13

]
<E:/Postdoc Imperial/Lectures/2023_AdvancedRegression/AdvancedRegression2022-20
23/lectures/graphs/ridge1.jpg, id=464, 539.01375pt x 404.51125pt>
File: E:/Postdoc Imperial/Lectures/2023_AdvancedRegression/AdvancedRegression20
22-2023/lectures/graphs/ridge1.jpg Graphic file (type jpg)
<use E:/Postdoc Imperial/Lectures/2023_AdvancedRegression/AdvancedRegression202
2-2023/lectures/graphs/ridge1.jpg>
Package pdftex.def Info: E:/Postdoc Imperial/Lectures/2023_AdvancedRegression/A
dvancedRegression2022-2023/lectures/graphs/ridge1.jpg  used on input line 331.
(pdftex.def)             Requested size: 269.50621pt x 202.25513pt.
 [14

 <E:/Postdoc Imperial/Lectures/2023_AdvancedRegression/AdvancedRegression2022-2
023/lectures/graphs/ridge1.jpg>]
<E:/Postdoc Imperial/Lectures/2023_AdvancedRegression/AdvancedRegression2022-20
23/lectures/graphs/ridge2.jpg, id=495, 578.16pt x 404.51125pt>
File: E:/Postdoc Imperial/Lectures/2023_AdvancedRegression/AdvancedRegression20
22-2023/lectures/graphs/ridge2.jpg Graphic file (type jpg)
<use E:/Postdoc Imperial/Lectures/2023_AdvancedRegression/AdvancedRegression202
2-2023/lectures/graphs/ridge2.jpg>
Package pdftex.def Info: E:/Postdoc Imperial/Lectures/2023_AdvancedRegression/A
dvancedRegression2022-2023/lectures/graphs/ridge2.jpg  used on input line 336.
(pdftex.def)             Requested size: 289.07928pt x 202.25513pt.
 [15

 <E:/Postdoc Imperial/Lectures/2023_AdvancedRegression/AdvancedRegression2022-2
023/lectures/graphs/ridge2.jpg>]
<E:/Postdoc Imperial/Lectures/2023_AdvancedRegression/AdvancedRegression2022-20
23/lectures/graphs/ridge3.jpg, id=526, 611.28375pt x 406.51875pt>
File: E:/Postdoc Imperial/Lectures/2023_AdvancedRegression/AdvancedRegression20
22-2023/lectures/graphs/ridge3.jpg Graphic file (type jpg)
<use E:/Postdoc Imperial/Lectures/2023_AdvancedRegression/AdvancedRegression202
2-2023/lectures/graphs/ridge3.jpg>
Package pdftex.def Info: E:/Postdoc Imperial/Lectures/2023_AdvancedRegression/A
dvancedRegression2022-2023/lectures/graphs/ridge3.jpg  used on input line 345.
(pdftex.def)             Requested size: 305.64113pt x 203.25887pt.
 [16

 <E:/Postdoc Imperial/Lectures/2023_AdvancedRegression/AdvancedRegression2022-2
023/lectures/graphs/ridge3.jpg>]
<E:/Postdoc Imperial/Lectures/2023_AdvancedRegression/AdvancedRegression2022-20
23/lectures/graphs/ridge4.jpg, id=557, 619.31375pt x 394.47375pt>
File: E:/Postdoc Imperial/Lectures/2023_AdvancedRegression/AdvancedRegression20
22-2023/lectures/graphs/ridge4.jpg Graphic file (type jpg)
<use E:/Postdoc Imperial/Lectures/2023_AdvancedRegression/AdvancedRegression202
2-2023/lectures/graphs/ridge4.jpg>
Package pdftex.def Info: E:/Postdoc Imperial/Lectures/2023_AdvancedRegression/A
dvancedRegression2022-2023/lectures/graphs/ridge4.jpg  used on input line 350.
(pdftex.def)             Requested size: 309.65611pt x 197.23639pt.

Overfull \hbox (2.36624pt too wide) in paragraph at lines 350--350
 [][] 
 []

[17

 <E:/Postdoc Imperial/Lectures/2023_AdvancedRegression/AdvancedRegression2022-2
023/lectures/graphs/ridge4.jpg>]
<E:/Postdoc Imperial/Lectures/2023_AdvancedRegression/AdvancedRegression2022-20
23/lectures/graphs/ridge5.jpg, id=588, 613.29124pt x 404.51125pt>
File: E:/Postdoc Imperial/Lectures/2023_AdvancedRegression/AdvancedRegression20
22-2023/lectures/graphs/ridge5.jpg Graphic file (type jpg)
<use E:/Postdoc Imperial/Lectures/2023_AdvancedRegression/AdvancedRegression202
2-2023/lectures/graphs/ridge5.jpg>
Package pdftex.def Info: E:/Postdoc Imperial/Lectures/2023_AdvancedRegression/A
dvancedRegression2022-2023/lectures/graphs/ridge5.jpg  used on input line 356.
(pdftex.def)             Requested size: 306.64487pt x 202.25513pt.
 [18

 <E:/Postdoc Imperial/Lectures/2023_AdvancedRegression/AdvancedRegression2022-2
023/lectures/graphs/ridge5.jpg>]
<E:/Postdoc Imperial/Lectures/2023_AdvancedRegression/AdvancedRegression2022-20
23/lectures/graphs/ridge7.jpg, id=619, 619.31375pt x 404.51125pt>
File: E:/Postdoc Imperial/Lectures/2023_AdvancedRegression/AdvancedRegression20
22-2023/lectures/graphs/ridge7.jpg Graphic file (type jpg)
<use E:/Postdoc Imperial/Lectures/2023_AdvancedRegression/AdvancedRegression202
2-2023/lectures/graphs/ridge7.jpg>
Package pdftex.def Info: E:/Postdoc Imperial/Lectures/2023_AdvancedRegression/A
dvancedRegression2022-2023/lectures/graphs/ridge7.jpg  used on input line 361.
(pdftex.def)             Requested size: 309.65611pt x 202.25513pt.

Overfull \hbox (2.36624pt too wide) in paragraph at lines 361--361
 [][] 
 []

[19

 <E:/Postdoc Imperial/Lectures/2023_AdvancedRegression/AdvancedRegression2022-2
023/lectures/graphs/ridge7.jpg>]
<E:/Postdoc Imperial/Lectures/2023_AdvancedRegression/AdvancedRegression2022-20
23/lectures/graphs/ridge6.jpg, id=650, 609.27625pt x 402.50375pt>
File: E:/Postdoc Imperial/Lectures/2023_AdvancedRegression/AdvancedRegression20
22-2023/lectures/graphs/ridge6.jpg Graphic file (type jpg)
<use E:/Postdoc Imperial/Lectures/2023_AdvancedRegression/AdvancedRegression202
2-2023/lectures/graphs/ridge6.jpg>
Package pdftex.def Info: E:/Postdoc Imperial/Lectures/2023_AdvancedRegression/A
dvancedRegression2022-2023/lectures/graphs/ridge6.jpg  used on input line 366.
(pdftex.def)             Requested size: 304.63737pt x 201.25137pt.
 [20

 <E:/Postdoc Imperial/Lectures/2023_AdvancedRegression/AdvancedRegression2022-2
023/lectures/graphs/ridge6.jpg>]
[21

]
<E:/Postdoc Imperial/Lectures/2023_AdvancedRegression/AdvancedRegression2022-20
23/lectures/graphs/lasso.png, id=711, 603.0028pt x 740.7675pt>
File: E:/Postdoc Imperial/Lectures/2023_AdvancedRegression/AdvancedRegression20
22-2023/lectures/graphs/lasso.png Graphic file (type png)
<use E:/Postdoc Imperial/Lectures/2023_AdvancedRegression/AdvancedRegression202
2-2023/lectures/graphs/lasso.png>
Package pdftex.def Info: E:/Postdoc Imperial/Lectures/2023_AdvancedRegression/A
dvancedRegression2022-2023/lectures/graphs/lasso.png  used on input line 401.
(pdftex.def)             Requested size: 120.59842pt x 148.15086pt.
 [22

 <E:/Postdoc Imperial/Lectures/2023_AdvancedRegression/AdvancedRegression2022-2
023/lectures/graphs/lasso.png>]
<E:/Postdoc Imperial/Lectures/2023_AdvancedRegression/AdvancedRegression2022-20
23/lectures/graphs/Ridge-vs-Lasso.png, id=743, 1142.2675pt x 573.14125pt>
File: E:/Postdoc Imperial/Lectures/2023_AdvancedRegression/AdvancedRegression20
22-2023/lectures/graphs/Ridge-vs-Lasso.png Graphic file (type png)
<use E:/Postdoc Imperial/Lectures/2023_AdvancedRegression/AdvancedRegression202
2-2023/lectures/graphs/Ridge-vs-Lasso.png>
Package pdftex.def Info: E:/Postdoc Imperial/Lectures/2023_AdvancedRegression/A
dvancedRegression2022-2023/lectures/graphs/Ridge-vs-Lasso.png  used on input li
ne 408.
(pdftex.def)             Requested size: 285.56618pt x 143.28496pt.
 [23

 <E:/Postdoc Imperial/Lectures/2023_AdvancedRegression/AdvancedRegression2022-2
023/lectures/graphs/Ridge-vs-Lasso.png>]
<E:/Postdoc Imperial/Lectures/2023_AdvancedRegression/AdvancedRegression2022-20
23/lectures/graphs/Bayes-regression.pdf, id=774, 434.62375pt x 217.81375pt>
File: E:/Postdoc Imperial/Lectures/2023_AdvancedRegression/AdvancedRegression20
22-2023/lectures/graphs/Bayes-regression.pdf Graphic file (type pdf)
<use E:/Postdoc Imperial/Lectures/2023_AdvancedRegression/AdvancedRegression202
2-2023/lectures/graphs/Bayes-regression.pdf>
Package pdftex.def Info: E:/Postdoc Imperial/Lectures/2023_AdvancedRegression/A
dvancedRegression2022-2023/lectures/graphs/Bayes-regression.pdf  used on input 
line 426.
(pdftex.def)             Requested size: 304.23454pt x 152.46857pt.

Overfull \vbox (7.63406pt too high) detected at line 426
 []

[24

 <E:/Postdoc Imperial/Lectures/2023_AdvancedRegression/AdvancedRegression2022-2
023/lectures/graphs/Bayes-regression.pdf>] [25

] [26

] [27

] [28

] [29

] [30

]
[31

] [32

] [33

]
<E:/Postdoc Imperial/Lectures/2023_AdvancedRegression/AdvancedRegression2022-20
23/lectures/graphs/diabetes-ridge.png, id=1097, 524.96124pt x 281.05pt>
File: E:/Postdoc Imperial/Lectures/2023_AdvancedRegression/AdvancedRegression20
22-2023/lectures/graphs/diabetes-ridge.png Graphic file (type png)
<use E:/Postdoc Imperial/Lectures/2023_AdvancedRegression/AdvancedRegression202
2-2023/lectures/graphs/diabetes-ridge.png>
Package pdftex.def Info: E:/Postdoc Imperial/Lectures/2023_AdvancedRegression/A
dvancedRegression2022-2023/lectures/graphs/diabetes-ridge.png  used on input li
ne 670.
(pdftex.def)             Requested size: 262.47998pt x 140.52464pt.
 [34

 <E:/Postdoc Imperial/Lectures/2023_AdvancedRegression/AdvancedRegression2022-2
023/lectures/graphs/diabetes-ridge.png>]
<E:/Postdoc Imperial/Lectures/2023_AdvancedRegression/AdvancedRegression2022-20
23/lectures/graphs/diabetes-lasso.png, id=1129, 509.905pt x 284.06125pt>
File: E:/Postdoc Imperial/Lectures/2023_AdvancedRegression/AdvancedRegression20
22-2023/lectures/graphs/diabetes-lasso.png Graphic file (type png)
<use E:/Postdoc Imperial/Lectures/2023_AdvancedRegression/AdvancedRegression202
2-2023/lectures/graphs/diabetes-lasso.png>
Package pdftex.def Info: E:/Postdoc Imperial/Lectures/2023_AdvancedRegression/A
dvancedRegression2022-2023/lectures/graphs/diabetes-lasso.png  used on input li
ne 683.
(pdftex.def)             Requested size: 254.95187pt x 142.03026pt.
 [35

 <E:/Postdoc Imperial/Lectures/2023_AdvancedRegression/AdvancedRegression2022-2
023/lectures/graphs/diabetes-lasso.png>]
Overfull \hbox (2.04457pt too wide) in paragraph at lines 696--696
\OT1/cmtt/m/n/10.95 glmnet(x,y,family="gaussian",alpha=0.5,lambda=0.1)  
 []

<E:/Postdoc Imperial/Lectures/2023_AdvancedRegression/AdvancedRegression2022-20
23/lectures/graphs/diabetes-enet.png, id=1160, 518.93875pt x 290.08376pt>
File: E:/Postdoc Imperial/Lectures/2023_AdvancedRegression/AdvancedRegression20
22-2023/lectures/graphs/diabetes-enet.png Graphic file (type png)
<use E:/Postdoc Imperial/Lectures/2023_AdvancedRegression/AdvancedRegression202
2-2023/lectures/graphs/diabetes-enet.png>
Package pdftex.def Info: E:/Postdoc Imperial/Lectures/2023_AdvancedRegression/A
dvancedRegression2022-2023/lectures/graphs/diabetes-enet.png  used on input lin
e 696.
(pdftex.def)             Requested size: 259.46873pt x 145.04152pt.
[36

 <E:/Postdoc Imperial/Lectures/2023_AdvancedRegression/AdvancedRegression2022-2
023/lectures/graphs/diabetes-enet.png>] [37

]
<E:/Postdoc Imperial/Lectures/2023_AdvancedRegression/AdvancedRegression2022-20
23/lectures/graphs/glm_error.png, id=1224, 677.53125pt x 283.0575pt>
File: E:/Postdoc Imperial/Lectures/2023_AdvancedRegression/AdvancedRegression20
22-2023/lectures/graphs/glm_error.png Graphic file (type png)
<use E:/Postdoc Imperial/Lectures/2023_AdvancedRegression/AdvancedRegression202
2-2023/lectures/graphs/glm_error.png>
Package pdftex.def Info: E:/Postdoc Imperial/Lectures/2023_AdvancedRegression/A
dvancedRegression2022-2023/lectures/graphs/glm_error.png  used on input line 73
1.
(pdftex.def)             Requested size: 338.76479pt x 141.5284pt.

Overfull \hbox (31.47491pt too wide) in paragraph at lines 731--731
 [] 
 []

[38

 <E:/Postdoc Imperial/Lectures/2023_AdvancedRegression/AdvancedRegression2022-2
023/lectures/graphs/glm_error.png>]
<E:/Postdoc Imperial/Lectures/2023_AdvancedRegression/AdvancedRegression2022-20
23/lectures/graphs/bcac_lasso2.png, id=1256, 846.16125pt x 312.16624pt>
File: E:/Postdoc Imperial/Lectures/2023_AdvancedRegression/AdvancedRegression20
22-2023/lectures/graphs/bcac_lasso2.png Graphic file (type png)
<use E:/Postdoc Imperial/Lectures/2023_AdvancedRegression/AdvancedRegression202
2-2023/lectures/graphs/bcac_lasso2.png>
Package pdftex.def Info: E:/Postdoc Imperial/Lectures/2023_AdvancedRegression/A
dvancedRegression2022-2023/lectures/graphs/bcac_lasso2.png  used on input line 
740.
(pdftex.def)             Requested size: 355.3853pt x 131.10892pt.

Overfull \hbox (48.09543pt too wide) in paragraph at lines 740--740
[][]  
 []

[39

 <E:/Postdoc Imperial/Lectures/2023_AdvancedRegression/AdvancedRegression2022-2
023/lectures/graphs/bcac_lasso2.png>]
<E:/Postdoc Imperial/Lectures/2023_AdvancedRegression/AdvancedRegression2022-20
23/lectures/graphs/bcac_enet2.png, id=1288, 824.07875pt x 329.23pt>
File: E:/Postdoc Imperial/Lectures/2023_AdvancedRegression/AdvancedRegression20
22-2023/lectures/graphs/bcac_enet2.png Graphic file (type png)
<use E:/Postdoc Imperial/Lectures/2023_AdvancedRegression/AdvancedRegression202
2-2023/lectures/graphs/bcac_enet2.png>
Package pdftex.def Info: E:/Postdoc Imperial/Lectures/2023_AdvancedRegression/A
dvancedRegression2022-2023/lectures/graphs/bcac_enet2.png  used on input line 7
49.
(pdftex.def)             Requested size: 346.11072pt x 138.27565pt.

Overfull \hbox (38.82085pt too wide) in paragraph at lines 749--749
[][]  
 []

[40

 <E:/Postdoc Imperial/Lectures/2023_AdvancedRegression/AdvancedRegression2022-2
023/lectures/graphs/bcac_enet2.png>] [41

] [42

]
\tf@nav=\write6
\openout6 = `lecture3b.nav'.

\tf@toc=\write7
\openout7 = `lecture3b.toc'.

\tf@snm=\write8
\openout8 = `lecture3b.snm'.

Package atveryend Info: Empty hook `BeforeClearDocument' on input line 796.
Package atveryend Info: Empty hook `AfterLastShipout' on input line 796.
 (lecture3b.aux)
Package atveryend Info: Executing hook `AtVeryEndDocument' on input line 796.
Package atveryend Info: Executing hook `AtEndAfterFileList' on input line 796.
Package rerunfilecheck Info: File `lecture3b.out' has not changed.
(rerunfilecheck)             Checksum: A544A47A1883D416A88358DB7CE81F94;724.
 ) 
Here is how much of TeX's memory you used:
 22523 strings out of 492450
 449833 string characters out of 3119876
 526429 words of memory out of 3000000
 26199 multiletter control sequences out of 15000+200000
 28476 words of font info for 90 fonts, out of 3000000 for 9000
 1141 hyphenation exceptions out of 8191
 58i,14n,57p,778b,562s stack positions out of 5000i,500n,10000p,200000b,50000s
<C:/Users/gkonstan/AppData/Local/Programs/MiKTeX 2.9/fonts/type1/public/amsfo
nts/cm/cmex10.pfb><C:/Users/gkonstan/AppData/Local/Programs/MiKTeX 2.9/fonts/ty
pe1/public/amsfonts/cm/cmmi10.pfb><C:/Users/gkonstan/AppData/Local/Programs/MiK
TeX 2.9/fonts/type1/public/amsfonts/cm/cmmi12.pfb><C:/Users/gkonstan/AppData/Lo
cal/Programs/MiKTeX 2.9/fonts/type1/public/amsfonts/cm/cmmi8.pfb><C:/Users/gkon
stan/AppData/Local/Programs/MiKTeX 2.9/fonts/type1/public/amsfonts/cm/cmr10.pfb
><C:/Users/gkonstan/AppData/Local/Programs/MiKTeX 2.9/fonts/type1/public/amsfon
ts/cm/cmss10.pfb><C:/Users/gkonstan/AppData/Local/Programs/MiKTeX 2.9/fonts/typ
e1/public/amsfonts/cm/cmss12.pfb><C:/Users/gkonstan/AppData/Local/Programs/MiKT
eX 2.9/fonts/type1/public/amsfonts/cm/cmss8.pfb><C:/Users/gkonstan/AppData/Loca
l/Programs/MiKTeX 2.9/fonts/type1/public/amsfonts/cm/cmssi10.pfb><C:/Users/gkon
stan/AppData/Local/Programs/MiKTeX 2.9/fonts/type1/public/amsfonts/cm/cmssi8.pf
b><C:/Users/gkonstan/AppData/Local/Programs/MiKTeX 2.9/fonts/type1/public/amsfo
nts/cm/cmsy10.pfb><C:/Users/gkonstan/AppData/Local/Programs/MiKTeX 2.9/fonts/ty
pe1/public/amsfonts/cm/cmsy8.pfb><C:/Users/gkonstan/AppData/Local/Programs/MiKT
eX 2.9/fonts/type1/public/amsfonts/cm/cmtt10.pfb><C:/Users/gkonstan/AppData/Loc
al/Programs/MiKTeX 2.9/fonts/type1/public/amsfonts/symbols/msam10.pfb>
Output written on lecture3b.pdf (42 pages, 1325841 bytes).
PDF statistics:
 1447 PDF objects out of 1728 (max. 8388607)
 96 named destinations out of 1000 (max. 500000)
 245 words of extra memory for PDF output out of 10000 (max. 10000000)

